  [1m[35m (0.1ms)[0m  [1m[34mSELECT pg_try_advisory_lock(7427160944457580725) /*application='Model'*/[0m
  [1m[36mActiveRecord::SchemaMigration Load (0.6ms)[0m  [1m[34mSELECT "schema_migrations"."version" FROM "schema_migrations" ORDER BY "schema_migrations"."version" ASC /*application='Model'*/[0m
  [1m[36mActiveRecord::InternalMetadata Load (0.7ms)[0m  [1m[34mSELECT * FROM "ar_internal_metadata" WHERE "ar_internal_metadata"."key" = 'environment' ORDER BY "ar_internal_metadata"."key" ASC LIMIT 1 /*application='Model'*/[0m
Migrating to CreateProducts (20250124185958)
  [1m[36mTRANSACTION (0.4ms)[0m  [1m[35mBEGIN /*application='Model'*/[0m
  [1m[35m (3.1ms)[0m  [1m[35mCREATE TABLE "products" ("id" bigserial primary key, "name" character varying, "created_at" timestamp(6) NOT NULL, "updated_at" timestamp(6) NOT NULL) /*application='Model'*/[0m
  [1m[36mTRANSACTION (0.2ms)[0m  [1m[31mROLLBACK /*application='Model'*/[0m
  [1m[35m (0.2ms)[0m  [1m[34mSELECT pg_advisory_unlock(7427160944457580725) /*application='Model'*/[0m
  [1m[35m (10.6ms)[0m  [1m[35mCREATE TABLE "schema_migrations" ("version" character varying NOT NULL PRIMARY KEY) /*application='Model'*/[0m
  [1m[35m (5.2ms)[0m  [1m[35mCREATE TABLE "ar_internal_metadata" ("key" character varying NOT NULL PRIMARY KEY, "value" character varying, "created_at" timestamp(6) NOT NULL, "updated_at" timestamp(6) NOT NULL) /*application='Model'*/[0m
  [1m[35m (0.2ms)[0m  [1m[34mSELECT pg_try_advisory_lock(7427160944457580725) /*application='Model'*/[0m
  [1m[36mActiveRecord::SchemaMigration Load (0.5ms)[0m  [1m[34mSELECT "schema_migrations"."version" FROM "schema_migrations" ORDER BY "schema_migrations"."version" ASC /*application='Model'*/[0m
  [1m[36mActiveRecord::InternalMetadata Load (0.5ms)[0m  [1m[34mSELECT * FROM "ar_internal_metadata" WHERE "ar_internal_metadata"."key" = 'environment' ORDER BY "ar_internal_metadata"."key" ASC LIMIT 1 /*application='Model'*/[0m
  [1m[36mActiveRecord::InternalMetadata Create (1.4ms)[0m  [1m[32mINSERT INTO "ar_internal_metadata" ("key", "value", "created_at", "updated_at") VALUES ('environment', 'development', '2025-01-24 19:10:11.128369', '2025-01-24 19:10:11.128371') RETURNING "key" /*application='Model'*/[0m
Migrating to CreateProducts (20250124185958)
  [1m[36mTRANSACTION (0.1ms)[0m  [1m[35mBEGIN /*application='Model'*/[0m
  [1m[35m (5.5ms)[0m  [1m[35mCREATE TABLE "products" ("id" bigserial primary key, "name" character varying, "created_at" timestamp(6) NOT NULL, "updated_at" timestamp(6) NOT NULL) /*application='Model'*/[0m
  [1m[36mActiveRecord::SchemaMigration Create (0.5ms)[0m  [1m[32mINSERT INTO "schema_migrations" ("version") VALUES ('20250124185958') RETURNING "version" /*application='Model'*/[0m
  [1m[36mTRANSACTION (1.1ms)[0m  [1m[35mCOMMIT /*application='Model'*/[0m
  [1m[35m (0.3ms)[0m  [1m[34mSELECT pg_advisory_unlock(7427160944457580725) /*application='Model'*/[0m
  [1m[36mActiveRecord::SchemaMigration Load (0.2ms)[0m  [1m[34mSELECT "schema_migrations"."version" FROM "schema_migrations" ORDER BY "schema_migrations"."version" ASC /*application='Model'*/[0m
  [1m[36mTRANSACTION (0.2ms)[0m  [1m[35mBEGIN /*application='Model'*/[0m
  [1m[36mProduct Create (0.9ms)[0m  [1m[32mINSERT INTO "products" ("name", "created_at", "updated_at") VALUES ('Arroz', '2025-01-24 19:58:31.368439', '2025-01-24 19:58:31.368439') RETURNING "id" /*application='Model'*/[0m
  [1m[36mTRANSACTION (21.4ms)[0m  [1m[35mCOMMIT /*application='Model'*/[0m
  [1m[36mTRANSACTION (0.3ms)[0m  [1m[35mBEGIN /*application='Model'*/[0m
  [1m[36mProduct Create (1.0ms)[0m  [1m[32mINSERT INTO "products" ("name", "created_at", "updated_at") VALUES ('Feijão', '2025-01-24 19:59:32.112188', '2025-01-24 19:59:32.112188') RETURNING "id" /*application='Model'*/[0m
  [1m[36mTRANSACTION (4.8ms)[0m  [1m[35mCOMMIT /*application='Model'*/[0m
  [1m[36mTRANSACTION (0.3ms)[0m  [1m[35mBEGIN /*application='Model'*/[0m
  [1m[36mProduct Create (1.0ms)[0m  [1m[32mINSERT INTO "products" ("name", "created_at", "updated_at") VALUES ('Óleo', '2025-01-24 20:01:09.326923', '2025-01-24 20:01:09.326923') RETURNING "id" /*application='Model'*/[0m
  [1m[36mTRANSACTION (4.6ms)[0m  [1m[35mCOMMIT /*application='Model'*/[0m
  [1m[36mProduct Load (0.6ms)[0m  [1m[34mSELECT "products".* FROM "products" ORDER BY "products"."id" ASC LIMIT 1 /*application='Model'*/[0m
  [1m[36mProduct Load (0.7ms)[0m  [1m[34mSELECT "products".* FROM "products" /* loading for pp */ LIMIT 11 /*application='Model'*/[0m
  [1m[36mProduct Load (1.0ms)[0m  [1m[34mSELECT "products".* FROM "products" ORDER BY "products"."id" ASC LIMIT 1 OFFSET 1 /*application='Model'*/[0m
  [1m[36mProduct Load (0.9ms)[0m  [1m[34mSELECT "products".* FROM "products" ORDER BY "products"."id" ASC LIMIT 1 OFFSET 2 /*application='Model'*/[0m
  [1m[36mProduct Load (0.8ms)[0m  [1m[34mSELECT "products".* FROM "products" ORDER BY "products"."id" DESC LIMIT 1 /*application='Model'*/[0m
  [1m[36mProduct Load (0.4ms)[0m  [1m[34mSELECT "products".* FROM "products" WHERE "products"."id" = 1 LIMIT 1 /*application='Model'*/[0m
  [1m[36mProduct Load (0.5ms)[0m  [1m[34mSELECT "products".* FROM "products" WHERE "products"."id" = 2 LIMIT 1 /*application='Model'*/[0m
  [1m[36mProduct Load (0.7ms)[0m  [1m[34mSELECT "products".* FROM "products" WHERE "products"."id" = 3 LIMIT 1 /*application='Model'*/[0m
  [1m[36mProduct Load (0.7ms)[0m  [1m[34mSELECT "products".* FROM "products" WHERE "products"."id" = 4 LIMIT 1 /*application='Model'*/[0m
  [1m[36mProduct Load (1.2ms)[0m  [1m[34mSELECT "products".* FROM "products" WHERE "products"."name" = 'Arroz' LIMIT 1 /*application='Model'*/[0m
  [1m[36mProduct Load (0.7ms)[0m  [1m[34mSELECT "products".* FROM "products" WHERE "products"."name" = 'Feijão' LIMIT 1 /*application='Model'*/[0m
  [1m[36mProduct Load (0.5ms)[0m  [1m[34mSELECT "products".* FROM "products" WHERE "products"."name" = 'Arroz' /* loading for pp */ LIMIT 11 /*application='Model'*/[0m
  [1m[36mProduct Load (1.6ms)[0m  [1m[34mSELECT "products".* FROM "products" /* loading for pp */ ORDER BY "products"."name" DESC LIMIT 11 /*application='Model'*/[0m
  [1m[36mProduct Load (0.9ms)[0m  [1m[34mSELECT "products".* FROM "products" /* loading for pp */ ORDER BY "products"."name" ASC LIMIT 11 /*application='Model'*/[0m
  [1m[36mProduct Count (0.9ms)[0m  [1m[34mSELECT COUNT(*) FROM "products" /*application='Model'*/[0m
  [1m[36mProduct Exists? (0.8ms)[0m  [1m[34mSELECT 1 AS one FROM "products" WHERE "products"."name" = 'Sal' LIMIT 1 /*application='Model'*/[0m
  [1m[36mProduct Exists? (0.6ms)[0m  [1m[34mSELECT 1 AS one FROM "products" WHERE "products"."name" = 'Arroz' LIMIT 1 /*application='Model'*/[0m
  [1m[36mTRANSACTION (0.3ms)[0m  [1m[35mBEGIN /*application='Model'*/[0m
  [1m[36mProduct Create (1.2ms)[0m  [1m[32mINSERT INTO "products" ("name", "created_at", "updated_at") VALUES ('Microondas', '2025-01-24 20:14:14.221897', '2025-01-24 20:14:14.221897') RETURNING "id" /*application='Model'*/[0m
  [1m[36mTRANSACTION (1.5ms)[0m  [1m[35mCOMMIT /*application='Model'*/[0m
  [1m[36mTRANSACTION (0.4ms)[0m  [1m[35mBEGIN /*application='Model'*/[0m
  [1m[36mProduct Create (1.4ms)[0m  [1m[32mINSERT INTO "products" ("name", "created_at", "updated_at") VALUES ('Feijão', '2025-01-24 20:16:22.421421', '2025-01-24 20:16:22.421421') RETURNING "id" /*application='Model'*/[0m
  [1m[36mTRANSACTION (20.6ms)[0m  [1m[35mCOMMIT /*application='Model'*/[0m
  [1m[36mTRANSACTION (0.2ms)[0m  [1m[35mBEGIN /*application='Model'*/[0m
  [1m[36mProduct Exists? (0.9ms)[0m  [1m[34mSELECT 1 AS one FROM "products" WHERE "products"."name" = 'Feijão' LIMIT 1 /*application='Model'*/[0m
  [1m[36mProduct Exists? (0.4ms)[0m  [1m[34mSELECT 1 AS one FROM "products" WHERE "products"."name" = 'Feijão' LIMIT 1 /*application='Model'*/[0m
  [1m[36mTRANSACTION (0.1ms)[0m  [1m[31mROLLBACK /*application='Model'*/[0m
  [1m[36mActiveRecord::SchemaMigration Load (0.6ms)[0m  [1m[34mSELECT "schema_migrations"."version" FROM "schema_migrations" ORDER BY "schema_migrations"."version" ASC /*application='Model'*/[0m
  [1m[36mTRANSACTION (0.1ms)[0m  [1m[35mBEGIN /*application='Model'*/[0m
  [1m[36mProduct Exists? (1.6ms)[0m  [1m[34mSELECT 1 AS one FROM "products" WHERE "products"."name" = 'Produto 1' LIMIT 1 /*application='Model'*/[0m
  [1m[36mProduct Create (0.2ms)[0m  [1m[32mINSERT INTO "products" ("name", "created_at", "updated_at") VALUES ('Produto 1', '2025-01-24 20:26:41.410930', '2025-01-24 20:26:41.410930') RETURNING "id" /*application='Model'*/[0m
  [1m[36mTRANSACTION (1.2ms)[0m  [1m[35mCOMMIT /*application='Model'*/[0m
  [1m[36mTRANSACTION (0.1ms)[0m  [1m[35mBEGIN /*application='Model'*/[0m
  [1m[36mProduct Exists? (1.3ms)[0m  [1m[34mSELECT 1 AS one FROM "products" WHERE "products"."name" = 'Produto 2' LIMIT 1 /*application='Model'*/[0m
  [1m[36mProduct Create (0.2ms)[0m  [1m[32mINSERT INTO "products" ("name", "created_at", "updated_at") VALUES ('Produto 2', '2025-01-24 20:26:41.417565', '2025-01-24 20:26:41.417565') RETURNING "id" /*application='Model'*/[0m
  [1m[36mTRANSACTION (1.3ms)[0m  [1m[35mCOMMIT /*application='Model'*/[0m
  [1m[36mTRANSACTION (0.1ms)[0m  [1m[35mBEGIN /*application='Model'*/[0m
  [1m[36mProduct Exists? (1.7ms)[0m  [1m[34mSELECT 1 AS one FROM "products" WHERE "products"."name" = 'Produto 3' LIMIT 1 /*application='Model'*/[0m
  [1m[36mProduct Create (0.2ms)[0m  [1m[32mINSERT INTO "products" ("name", "created_at", "updated_at") VALUES ('Produto 3', '2025-01-24 20:26:41.423836', '2025-01-24 20:26:41.423836') RETURNING "id" /*application='Model'*/[0m
  [1m[36mTRANSACTION (1.2ms)[0m  [1m[35mCOMMIT /*application='Model'*/[0m
  [1m[36mTRANSACTION (0.1ms)[0m  [1m[35mBEGIN /*application='Model'*/[0m
  [1m[36mProduct Exists? (1.2ms)[0m  [1m[34mSELECT 1 AS one FROM "products" WHERE "products"."name" = 'Produto 4' LIMIT 1 /*application='Model'*/[0m
  [1m[36mProduct Create (0.1ms)[0m  [1m[32mINSERT INTO "products" ("name", "created_at", "updated_at") VALUES ('Produto 4', '2025-01-24 20:26:41.429455', '2025-01-24 20:26:41.429455') RETURNING "id" /*application='Model'*/[0m
  [1m[36mTRANSACTION (1.3ms)[0m  [1m[35mCOMMIT /*application='Model'*/[0m
  [1m[36mTRANSACTION (0.1ms)[0m  [1m[35mBEGIN /*application='Model'*/[0m
  [1m[36mProduct Exists? (1.3ms)[0m  [1m[34mSELECT 1 AS one FROM "products" WHERE "products"."name" = 'Produto 5' LIMIT 1 /*application='Model'*/[0m
  [1m[36mProduct Create (0.2ms)[0m  [1m[32mINSERT INTO "products" ("name", "created_at", "updated_at") VALUES ('Produto 5', '2025-01-24 20:26:41.436954', '2025-01-24 20:26:41.436954') RETURNING "id" /*application='Model'*/[0m
  [1m[36mTRANSACTION (1.5ms)[0m  [1m[35mCOMMIT /*application='Model'*/[0m
  [1m[36mTRANSACTION (0.1ms)[0m  [1m[35mBEGIN /*application='Model'*/[0m
  [1m[36mProduct Exists? (1.2ms)[0m  [1m[34mSELECT 1 AS one FROM "products" WHERE "products"."name" = 'Produto 6' LIMIT 1 /*application='Model'*/[0m
  [1m[36mProduct Create (0.2ms)[0m  [1m[32mINSERT INTO "products" ("name", "created_at", "updated_at") VALUES ('Produto 6', '2025-01-24 20:26:41.443341', '2025-01-24 20:26:41.443341') RETURNING "id" /*application='Model'*/[0m
  [1m[36mTRANSACTION (1.0ms)[0m  [1m[35mCOMMIT /*application='Model'*/[0m
  [1m[36mTRANSACTION (0.1ms)[0m  [1m[35mBEGIN /*application='Model'*/[0m
  [1m[36mProduct Exists? (1.2ms)[0m  [1m[34mSELECT 1 AS one FROM "products" WHERE "products"."name" = 'Produto 7' LIMIT 1 /*application='Model'*/[0m
  [1m[36mProduct Create (0.1ms)[0m  [1m[32mINSERT INTO "products" ("name", "created_at", "updated_at") VALUES ('Produto 7', '2025-01-24 20:26:41.448974', '2025-01-24 20:26:41.448974') RETURNING "id" /*application='Model'*/[0m
  [1m[36mTRANSACTION (0.9ms)[0m  [1m[35mCOMMIT /*application='Model'*/[0m
  [1m[36mTRANSACTION (0.2ms)[0m  [1m[35mBEGIN /*application='Model'*/[0m
  [1m[36mProduct Exists? (1.6ms)[0m  [1m[34mSELECT 1 AS one FROM "products" WHERE "products"."name" = 'Produto 8' LIMIT 1 /*application='Model'*/[0m
  [1m[36mProduct Create (0.3ms)[0m  [1m[32mINSERT INTO "products" ("name", "created_at", "updated_at") VALUES ('Produto 8', '2025-01-24 20:26:41.468625', '2025-01-24 20:26:41.468625') RETURNING "id" /*application='Model'*/[0m
  [1m[36mTRANSACTION (1.0ms)[0m  [1m[35mCOMMIT /*application='Model'*/[0m
  [1m[36mTRANSACTION (0.1ms)[0m  [1m[35mBEGIN /*application='Model'*/[0m
  [1m[36mProduct Exists? (1.3ms)[0m  [1m[34mSELECT 1 AS one FROM "products" WHERE "products"."name" = 'Produto 9' LIMIT 1 /*application='Model'*/[0m
  [1m[36mProduct Create (0.2ms)[0m  [1m[32mINSERT INTO "products" ("name", "created_at", "updated_at") VALUES ('Produto 9', '2025-01-24 20:26:41.474806', '2025-01-24 20:26:41.474806') RETURNING "id" /*application='Model'*/[0m
  [1m[36mTRANSACTION (1.0ms)[0m  [1m[35mCOMMIT /*application='Model'*/[0m
  [1m[36mTRANSACTION (0.1ms)[0m  [1m[35mBEGIN /*application='Model'*/[0m
  [1m[36mProduct Exists? (1.2ms)[0m  [1m[34mSELECT 1 AS one FROM "products" WHERE "products"."name" = 'Produto 10' LIMIT 1 /*application='Model'*/[0m
  [1m[36mProduct Create (0.2ms)[0m  [1m[32mINSERT INTO "products" ("name", "created_at", "updated_at") VALUES ('Produto 10', '2025-01-24 20:26:41.481243', '2025-01-24 20:26:41.481243') RETURNING "id" /*application='Model'*/[0m
  [1m[36mTRANSACTION (0.8ms)[0m  [1m[35mCOMMIT /*application='Model'*/[0m
  [1m[36mActiveRecord::SchemaMigration Load (0.8ms)[0m  [1m[34mSELECT "schema_migrations"."version" FROM "schema_migrations" ORDER BY "schema_migrations"."version" ASC /*application='Model'*/[0m
  [1m[36mTRANSACTION (0.1ms)[0m  [1m[35mBEGIN /*application='Model'*/[0m
  [1m[36mProduct Exists? (1.6ms)[0m  [1m[34mSELECT 1 AS one FROM "products" WHERE "products"."name" = 'Awesome Iron Car' LIMIT 1 /*application='Model'*/[0m
  [1m[36mProduct Create (0.2ms)[0m  [1m[32mINSERT INTO "products" ("name", "created_at", "updated_at") VALUES ('Awesome Iron Car', '2025-01-24 20:30:30.058548', '2025-01-24 20:30:30.058548') RETURNING "id" /*application='Model'*/[0m
  [1m[36mTRANSACTION (4.2ms)[0m  [1m[35mCOMMIT /*application='Model'*/[0m
  [1m[36mTRANSACTION (0.1ms)[0m  [1m[35mBEGIN /*application='Model'*/[0m
  [1m[36mProduct Exists? (1.2ms)[0m  [1m[34mSELECT 1 AS one FROM "products" WHERE "products"."name" = 'Gorgeous Paper Keyboard' LIMIT 1 /*application='Model'*/[0m
  [1m[36mProduct Create (0.2ms)[0m  [1m[32mINSERT INTO "products" ("name", "created_at", "updated_at") VALUES ('Gorgeous Paper Keyboard', '2025-01-24 20:30:30.068768', '2025-01-24 20:30:30.068768') RETURNING "id" /*application='Model'*/[0m
  [1m[36mTRANSACTION (1.3ms)[0m  [1m[35mCOMMIT /*application='Model'*/[0m
  [1m[36mTRANSACTION (0.1ms)[0m  [1m[35mBEGIN /*application='Model'*/[0m
  [1m[36mProduct Exists? (1.2ms)[0m  [1m[34mSELECT 1 AS one FROM "products" WHERE "products"."name" = 'Fantastic Leather Knife' LIMIT 1 /*application='Model'*/[0m
  [1m[36mProduct Create (0.2ms)[0m  [1m[32mINSERT INTO "products" ("name", "created_at", "updated_at") VALUES ('Fantastic Leather Knife', '2025-01-24 20:30:30.074386', '2025-01-24 20:30:30.074386') RETURNING "id" /*application='Model'*/[0m
  [1m[36mTRANSACTION (1.4ms)[0m  [1m[35mCOMMIT /*application='Model'*/[0m
  [1m[36mTRANSACTION (0.1ms)[0m  [1m[35mBEGIN /*application='Model'*/[0m
  [1m[36mProduct Exists? (1.7ms)[0m  [1m[34mSELECT 1 AS one FROM "products" WHERE "products"."name" = 'Fantastic Iron Knife' LIMIT 1 /*application='Model'*/[0m
  [1m[36mProduct Create (0.2ms)[0m  [1m[32mINSERT INTO "products" ("name", "created_at", "updated_at") VALUES ('Fantastic Iron Knife', '2025-01-24 20:30:30.080864', '2025-01-24 20:30:30.080864') RETURNING "id" /*application='Model'*/[0m
  [1m[36mTRANSACTION (1.2ms)[0m  [1m[35mCOMMIT /*application='Model'*/[0m
  [1m[36mTRANSACTION (0.1ms)[0m  [1m[35mBEGIN /*application='Model'*/[0m
  [1m[36mProduct Exists? (1.2ms)[0m  [1m[34mSELECT 1 AS one FROM "products" WHERE "products"."name" = 'Practical Iron Coat' LIMIT 1 /*application='Model'*/[0m
  [1m[36mProduct Create (0.2ms)[0m  [1m[32mINSERT INTO "products" ("name", "created_at", "updated_at") VALUES ('Practical Iron Coat', '2025-01-24 20:30:30.086342', '2025-01-24 20:30:30.086342') RETURNING "id" /*application='Model'*/[0m
  [1m[36mTRANSACTION (1.0ms)[0m  [1m[35mCOMMIT /*application='Model'*/[0m
  [1m[36mTRANSACTION (0.1ms)[0m  [1m[35mBEGIN /*application='Model'*/[0m
  [1m[36mProduct Exists? (1.2ms)[0m  [1m[34mSELECT 1 AS one FROM "products" WHERE "products"."name" = 'Practical Leather Wallet' LIMIT 1 /*application='Model'*/[0m
  [1m[36mProduct Create (0.3ms)[0m  [1m[32mINSERT INTO "products" ("name", "created_at", "updated_at") VALUES ('Practical Leather Wallet', '2025-01-24 20:30:30.091627', '2025-01-24 20:30:30.091627') RETURNING "id" /*application='Model'*/[0m
  [1m[36mTRANSACTION (1.2ms)[0m  [1m[35mCOMMIT /*application='Model'*/[0m
  [1m[36mTRANSACTION (0.2ms)[0m  [1m[35mBEGIN /*application='Model'*/[0m
  [1m[36mProduct Exists? (1.4ms)[0m  [1m[34mSELECT 1 AS one FROM "products" WHERE "products"."name" = 'Rustic Rubber Coat' LIMIT 1 /*application='Model'*/[0m
  [1m[36mProduct Create (0.2ms)[0m  [1m[32mINSERT INTO "products" ("name", "created_at", "updated_at") VALUES ('Rustic Rubber Coat', '2025-01-24 20:30:30.098015', '2025-01-24 20:30:30.098015') RETURNING "id" /*application='Model'*/[0m
  [1m[36mTRANSACTION (1.0ms)[0m  [1m[35mCOMMIT /*application='Model'*/[0m
  [1m[36mTRANSACTION (0.1ms)[0m  [1m[35mBEGIN /*application='Model'*/[0m
  [1m[36mProduct Exists? (1.1ms)[0m  [1m[34mSELECT 1 AS one FROM "products" WHERE "products"."name" = 'Heavy Duty Granite Computer' LIMIT 1 /*application='Model'*/[0m
  [1m[36mProduct Create (0.2ms)[0m  [1m[32mINSERT INTO "products" ("name", "created_at", "updated_at") VALUES ('Heavy Duty Granite Computer', '2025-01-24 20:30:30.103207', '2025-01-24 20:30:30.103207') RETURNING "id" /*application='Model'*/[0m
  [1m[36mTRANSACTION (0.9ms)[0m  [1m[35mCOMMIT /*application='Model'*/[0m
  [1m[36mTRANSACTION (0.1ms)[0m  [1m[35mBEGIN /*application='Model'*/[0m
  [1m[36mProduct Exists? (1.1ms)[0m  [1m[34mSELECT 1 AS one FROM "products" WHERE "products"."name" = 'Small Granite Bottle' LIMIT 1 /*application='Model'*/[0m
  [1m[36mProduct Create (0.2ms)[0m  [1m[32mINSERT INTO "products" ("name", "created_at", "updated_at") VALUES ('Small Granite Bottle', '2025-01-24 20:30:30.108078', '2025-01-24 20:30:30.108078') RETURNING "id" /*application='Model'*/[0m
  [1m[36mTRANSACTION (1.0ms)[0m  [1m[35mCOMMIT /*application='Model'*/[0m
  [1m[36mTRANSACTION (0.1ms)[0m  [1m[35mBEGIN /*application='Model'*/[0m
  [1m[36mProduct Exists? (1.6ms)[0m  [1m[34mSELECT 1 AS one FROM "products" WHERE "products"."name" = 'Fantastic Plastic Clock' LIMIT 1 /*application='Model'*/[0m
  [1m[36mProduct Create (0.2ms)[0m  [1m[32mINSERT INTO "products" ("name", "created_at", "updated_at") VALUES ('Fantastic Plastic Clock', '2025-01-24 20:30:30.114186', '2025-01-24 20:30:30.114186') RETURNING "id" /*application='Model'*/[0m
  [1m[36mTRANSACTION (1.1ms)[0m  [1m[35mCOMMIT /*application='Model'*/[0m
  [1m[35m (0.4ms)[0m  [1m[34mSELECT pg_try_advisory_lock(7427160944457580725) /*application='Model'*/[0m
  [1m[36mActiveRecord::SchemaMigration Load (1.1ms)[0m  [1m[34mSELECT "schema_migrations"."version" FROM "schema_migrations" ORDER BY "schema_migrations"."version" ASC /*application='Model'*/[0m
  [1m[36mActiveRecord::InternalMetadata Load (1.0ms)[0m  [1m[34mSELECT * FROM "ar_internal_metadata" WHERE "ar_internal_metadata"."key" = 'environment' ORDER BY "ar_internal_metadata"."key" ASC LIMIT 1 /*application='Model'*/[0m
Migrating to CreateBooks (20250127141315)
  [1m[36mTRANSACTION (0.2ms)[0m  [1m[35mBEGIN /*application='Model'*/[0m
  [1m[35m (13.1ms)[0m  [1m[35mCREATE TABLE "books" ("id" bigserial primary key, "name" character varying, "author_id" bigint NOT NULL, "created_at" timestamp(6) NOT NULL, "updated_at" timestamp(6) NOT NULL, CONSTRAINT "fk_rails_53d51ce16a"
FOREIGN KEY ("author_id")
  REFERENCES "authors" ("id")
) /*application='Model'*/[0m
  [1m[36mTRANSACTION (0.2ms)[0m  [1m[31mROLLBACK /*application='Model'*/[0m
  [1m[35m (0.2ms)[0m  [1m[34mSELECT pg_advisory_unlock(7427160944457580725) /*application='Model'*/[0m
  [1m[35m (0.1ms)[0m  [1m[34mSELECT pg_try_advisory_lock(7427160944457580725) /*application='Model'*/[0m
  [1m[36mActiveRecord::SchemaMigration Load (0.7ms)[0m  [1m[34mSELECT "schema_migrations"."version" FROM "schema_migrations" ORDER BY "schema_migrations"."version" ASC /*application='Model'*/[0m
  [1m[36mActiveRecord::InternalMetadata Load (0.6ms)[0m  [1m[34mSELECT * FROM "ar_internal_metadata" WHERE "ar_internal_metadata"."key" = 'environment' ORDER BY "ar_internal_metadata"."key" ASC LIMIT 1 /*application='Model'*/[0m
Migrating to CreateAuthors (20250127142631)
  [1m[36mTRANSACTION (0.3ms)[0m  [1m[35mBEGIN /*application='Model'*/[0m
  [1m[35m (7.1ms)[0m  [1m[35mCREATE TABLE "authors" ("id" bigserial primary key, "name" character varying, "created_at" timestamp(6) NOT NULL, "updated_at" timestamp(6) NOT NULL) /*application='Model'*/[0m
  [1m[36mActiveRecord::SchemaMigration Create (0.3ms)[0m  [1m[32mINSERT INTO "schema_migrations" ("version") VALUES ('20250127142631') RETURNING "version" /*application='Model'*/[0m
  [1m[36mTRANSACTION (1.1ms)[0m  [1m[35mCOMMIT /*application='Model'*/[0m
Migrating to CreateBooks (20250127142736)
  [1m[36mTRANSACTION (0.3ms)[0m  [1m[35mBEGIN /*application='Model'*/[0m
  [1m[35m (6.2ms)[0m  [1m[35mCREATE TABLE "books" ("id" bigserial primary key, "name" character varying, "author_id" bigint NOT NULL, "created_at" timestamp(6) NOT NULL, "updated_at" timestamp(6) NOT NULL, CONSTRAINT "fk_rails_53d51ce16a"
FOREIGN KEY ("author_id")
  REFERENCES "authors" ("id")
) /*application='Model'*/[0m
  [1m[35m (1.9ms)[0m  [1m[35mCREATE INDEX "index_books_on_author_id" ON "books" ("author_id") /*application='Model'*/[0m
  [1m[36mActiveRecord::SchemaMigration Create (0.1ms)[0m  [1m[32mINSERT INTO "schema_migrations" ("version") VALUES ('20250127142736') RETURNING "version" /*application='Model'*/[0m
  [1m[36mTRANSACTION (0.9ms)[0m  [1m[35mCOMMIT /*application='Model'*/[0m
  [1m[35m (0.1ms)[0m  [1m[34mSELECT pg_advisory_unlock(7427160944457580725) /*application='Model'*/[0m
  [1m[36mActiveRecord::SchemaMigration Load (0.1ms)[0m  [1m[34mSELECT "schema_migrations"."version" FROM "schema_migrations" ORDER BY "schema_migrations"."version" ASC /*application='Model'*/[0m
  [1m[36mTRANSACTION (0.1ms)[0m  [1m[35mBEGIN /*application='Model'*/[0m
  [1m[36mAuthor Create (0.8ms)[0m  [1m[32mINSERT INTO "authors" ("name", "created_at", "updated_at") VALUES ('Rodrigo', '2025-01-27 14:30:34.703047', '2025-01-27 14:30:34.703047') RETURNING "id" /*application='Model'*/[0m
  [1m[36mTRANSACTION (4.6ms)[0m  [1m[35mCOMMIT /*application='Model'*/[0m
  [1m[36mAuthor Load (0.5ms)[0m  [1m[34mSELECT "authors".* FROM "authors" /* loading for pp */ LIMIT 11 /*application='Model'*/[0m
  [1m[36mTRANSACTION (0.3ms)[0m  [1m[35mBEGIN /*application='Model'*/[0m
  [1m[36mAuthor Load (0.8ms)[0m  [1m[34mSELECT "authors".* FROM "authors" WHERE "authors"."id" = 1 LIMIT 1 /*application='Model'*/[0m
  [1m[36mBook Create (0.9ms)[0m  [1m[32mINSERT INTO "books" ("name", "author_id", "created_at", "updated_at") VALUES ('Aprendendo Ruby', 1, '2025-01-27 14:31:55.946655', '2025-01-27 14:31:55.946655') RETURNING "id" /*application='Model'*/[0m
  [1m[36mTRANSACTION (1.4ms)[0m  [1m[35mCOMMIT /*application='Model'*/[0m
  [1m[36mTRANSACTION (0.6ms)[0m  [1m[35mBEGIN /*application='Model'*/[0m
  [1m[36mAuthor Load (2.5ms)[0m  [1m[34mSELECT "authors".* FROM "authors" WHERE "authors"."id" = 2 LIMIT 1 /*application='Model'*/[0m
  [1m[36mTRANSACTION (0.5ms)[0m  [1m[31mROLLBACK /*application='Model'*/[0m
  [1m[36mTRANSACTION (0.5ms)[0m  [1m[35mBEGIN /*application='Model'*/[0m
  [1m[36mAuthor Load (1.8ms)[0m  [1m[34mSELECT "authors".* FROM "authors" WHERE "authors"."id" = 1 LIMIT 1 /*application='Model'*/[0m
  [1m[36mBook Create (0.8ms)[0m  [1m[32mINSERT INTO "books" ("name", "author_id", "created_at", "updated_at") VALUES ('Aprendendo Ruby', 1, '2025-01-27 14:32:34.978028', '2025-01-27 14:32:34.978028') RETURNING "id" /*application='Model'*/[0m
  [1m[36mTRANSACTION (4.6ms)[0m  [1m[35mCOMMIT /*application='Model'*/[0m
  [1m[36mBook Load (0.8ms)[0m  [1m[34mSELECT "books".* FROM "books" /* loading for pp */ LIMIT 11 /*application='Model'*/[0m
  [1m[36mAuthor Load (1.0ms)[0m  [1m[34mSELECT "authors".* FROM "authors" ORDER BY "authors"."id" DESC LIMIT 1 /*application='Model'*/[0m
  [1m[36mBook Load (0.4ms)[0m  [1m[34mSELECT "books".* FROM "books" WHERE "books"."author_id" = 1 /* loading for pp */ LIMIT 11 /*application='Model'*/[0m
  [1m[35m (0.1ms)[0m  [1m[34mSELECT pg_try_advisory_lock(7427160944457580725) /*application='Model'*/[0m
  [1m[36mActiveRecord::SchemaMigration Load (0.6ms)[0m  [1m[34mSELECT "schema_migrations"."version" FROM "schema_migrations" ORDER BY "schema_migrations"."version" ASC /*application='Model'*/[0m
  [1m[36mActiveRecord::InternalMetadata Load (0.6ms)[0m  [1m[34mSELECT * FROM "ar_internal_metadata" WHERE "ar_internal_metadata"."key" = 'environment' ORDER BY "ar_internal_metadata"."key" ASC LIMIT 1 /*application='Model'*/[0m
Migrating to CreateBiographs (20250127143744)
  [1m[36mTRANSACTION (0.3ms)[0m  [1m[35mBEGIN /*application='Model'*/[0m
  [1m[35m (6.1ms)[0m  [1m[35mCREATE TABLE "biographs" ("id" bigserial primary key, "content" character varying, "author_id" bigint NOT NULL, "created_at" timestamp(6) NOT NULL, "updated_at" timestamp(6) NOT NULL, CONSTRAINT "fk_rails_9163450884"
FOREIGN KEY ("author_id")
  REFERENCES "authors" ("id")
) /*application='Model'*/[0m
  [1m[35m (1.9ms)[0m  [1m[35mCREATE INDEX "index_biographs_on_author_id" ON "biographs" ("author_id") /*application='Model'*/[0m
  [1m[36mActiveRecord::SchemaMigration Create (0.2ms)[0m  [1m[32mINSERT INTO "schema_migrations" ("version") VALUES ('20250127143744') RETURNING "version" /*application='Model'*/[0m
  [1m[36mTRANSACTION (0.9ms)[0m  [1m[35mCOMMIT /*application='Model'*/[0m
  [1m[35m (0.7ms)[0m  [1m[34mSELECT pg_advisory_unlock(7427160944457580725) /*application='Model'*/[0m
  [1m[36mActiveRecord::SchemaMigration Load (0.1ms)[0m  [1m[34mSELECT "schema_migrations"."version" FROM "schema_migrations" ORDER BY "schema_migrations"."version" ASC /*application='Model'*/[0m
  [1m[36mAuthor Load (0.3ms)[0m  [1m[34mSELECT "authors".* FROM "authors" ORDER BY "authors"."id" DESC LIMIT 1 /*application='Model'*/[0m
  [1m[36mTRANSACTION (0.2ms)[0m  [1m[35mBEGIN /*application='Model'*/[0m
  [1m[36mBiograph Create (1.0ms)[0m  [1m[32mINSERT INTO "biographs" ("content", "author_id", "created_at", "updated_at") VALUES ('Biografia X', 1, '2025-01-27 14:50:04.573389', '2025-01-27 14:50:04.573389') RETURNING "id" /*application='Model'*/[0m
  [1m[36mTRANSACTION (2.2ms)[0m  [1m[35mCOMMIT /*application='Model'*/[0m
  [1m[36mTRANSACTION (0.7ms)[0m  [1m[35mBEGIN /*application='Model'*/[0m
  [1m[36mBiograph Create (2.5ms)[0m  [1m[32mINSERT INTO "biographs" ("content", "author_id", "created_at", "updated_at") VALUES ('Vida Boa', 1, '2025-01-27 14:50:23.031289', '2025-01-27 14:50:23.031289') RETURNING "id" /*application='Model'*/[0m
  [1m[36mTRANSACTION (20.7ms)[0m  [1m[35mCOMMIT /*application='Model'*/[0m
  [1m[36mBiograph Load (0.5ms)[0m  [1m[34mSELECT "biographs".* FROM "biographs" /* loading for pp */ LIMIT 11 /*application='Model'*/[0m
  [1m[36mTRANSACTION (0.8ms)[0m  [1m[35mBEGIN /*application='Model'*/[0m
  [1m[36mBiograph Create (2.7ms)[0m  [1m[32mINSERT INTO "biographs" ("content", "author_id", "created_at", "updated_at") VALUES ('Meu livro, minha história', 1, '2025-01-27 14:51:48.600954', '2025-01-27 14:51:48.600954') RETURNING "id" /*application='Model'*/[0m
  [1m[36mTRANSACTION (2.9ms)[0m  [1m[35mCOMMIT /*application='Model'*/[0m
  [1m[36mBook Load (0.3ms)[0m  [1m[34mSELECT "books".* FROM "books" WHERE "books"."author_id" = 1 /* loading for pp */ LIMIT 11 /*application='Model'*/[0m
  [1m[35m (0.1ms)[0m  [1m[34mSELECT pg_try_advisory_lock(7427160944457580725) /*application='Model'*/[0m
  [1m[36mActiveRecord::SchemaMigration Load (0.7ms)[0m  [1m[34mSELECT "schema_migrations"."version" FROM "schema_migrations" ORDER BY "schema_migrations"."version" ASC /*application='Model'*/[0m
  [1m[36mActiveRecord::InternalMetadata Load (0.6ms)[0m  [1m[34mSELECT * FROM "ar_internal_metadata" WHERE "ar_internal_metadata"."key" = 'environment' ORDER BY "ar_internal_metadata"."key" ASC LIMIT 1 /*application='Model'*/[0m
Migrating to CreateStudents (20250127145525)
  [1m[36mTRANSACTION (0.4ms)[0m  [1m[35mBEGIN /*application='Model'*/[0m
  [1m[35m (8.3ms)[0m  [1m[35mCREATE TABLE "students" ("id" bigserial primary key, "name" character varying, "created_at" timestamp(6) NOT NULL, "updated_at" timestamp(6) NOT NULL) /*application='Model'*/[0m
  [1m[36mActiveRecord::SchemaMigration Create (0.5ms)[0m  [1m[32mINSERT INTO "schema_migrations" ("version") VALUES ('20250127145525') RETURNING "version" /*application='Model'*/[0m
  [1m[36mTRANSACTION (1.4ms)[0m  [1m[35mCOMMIT /*application='Model'*/[0m
Migrating to CreateTeachers (20250127145615)
  [1m[36mTRANSACTION (0.2ms)[0m  [1m[35mBEGIN /*application='Model'*/[0m
  [1m[35m (6.2ms)[0m  [1m[35mCREATE TABLE "teachers" ("id" bigserial primary key, "name" character varying, "created_at" timestamp(6) NOT NULL, "updated_at" timestamp(6) NOT NULL) /*application='Model'*/[0m
  [1m[36mActiveRecord::SchemaMigration Create (0.2ms)[0m  [1m[32mINSERT INTO "schema_migrations" ("version") VALUES ('20250127145615') RETURNING "version" /*application='Model'*/[0m
  [1m[36mTRANSACTION (0.8ms)[0m  [1m[35mCOMMIT /*application='Model'*/[0m
Migrating to StudentTeacher (20250127145633)
  [1m[35m (0.2ms)[0m  [1m[34mSELECT pg_advisory_unlock(7427160944457580725) /*application='Model'*/[0m
  [1m[35m (0.1ms)[0m  [1m[34mSELECT pg_try_advisory_lock(7427160944457580725) /*application='Model'*/[0m
  [1m[36mActiveRecord::SchemaMigration Load (0.7ms)[0m  [1m[34mSELECT "schema_migrations"."version" FROM "schema_migrations" ORDER BY "schema_migrations"."version" ASC /*application='Model'*/[0m
  [1m[36mActiveRecord::InternalMetadata Load (0.6ms)[0m  [1m[34mSELECT * FROM "ar_internal_metadata" WHERE "ar_internal_metadata"."key" = 'environment' ORDER BY "ar_internal_metadata"."key" ASC LIMIT 1 /*application='Model'*/[0m
Migrating to StudentTeacher (20250127145633)
  [1m[36mTRANSACTION (0.2ms)[0m  [1m[35mBEGIN /*application='Model'*/[0m
  [1m[35m (3.6ms)[0m  [1m[35mCREATE TABLE "students_teachers" ("id" bigserial primary key, "student_id" bigint, "teacher_id" bigint) /*application='Model'*/[0m
  [1m[35m (2.0ms)[0m  [1m[35mCREATE INDEX "index_students_teachers_on_student_id" ON "students_teachers" ("student_id") /*application='Model'*/[0m
  [1m[35m (1.8ms)[0m  [1m[35mCREATE INDEX "index_students_teachers_on_teacher_id" ON "students_teachers" ("teacher_id") /*application='Model'*/[0m
  [1m[36mActiveRecord::SchemaMigration Create (0.2ms)[0m  [1m[32mINSERT INTO "schema_migrations" ("version") VALUES ('20250127145633') RETURNING "version" /*application='Model'*/[0m
  [1m[36mTRANSACTION (0.9ms)[0m  [1m[35mCOMMIT /*application='Model'*/[0m
  [1m[35m (0.2ms)[0m  [1m[34mSELECT pg_advisory_unlock(7427160944457580725) /*application='Model'*/[0m
  [1m[36mActiveRecord::SchemaMigration Load (0.2ms)[0m  [1m[34mSELECT "schema_migrations"."version" FROM "schema_migrations" ORDER BY "schema_migrations"."version" ASC /*application='Model'*/[0m
  [1m[36mActiveRecord::SchemaMigration Load (0.5ms)[0m  [1m[34mSELECT "schema_migrations"."version" FROM "schema_migrations" ORDER BY "schema_migrations"."version" ASC /*application='Model'*/[0m
  [1m[36mTRANSACTION (0.1ms)[0m  [1m[35mBEGIN /*application='Model'*/[0m
  [1m[36mStudent Create (1.5ms)[0m  [1m[32mINSERT INTO "students" ("name", "created_at", "updated_at") VALUES ('Sergio', '2025-01-27 15:03:01.415928', '2025-01-27 15:03:01.415928') RETURNING "id" /*application='Model'*/[0m
  [1m[36mTRANSACTION (1.3ms)[0m  [1m[35mCOMMIT /*application='Model'*/[0m
  [1m[36mTRANSACTION (0.1ms)[0m  [1m[35mBEGIN /*application='Model'*/[0m
  [1m[36mTeacher Create (2.1ms)[0m  [1m[32mINSERT INTO "teachers" ("name", "created_at", "updated_at") VALUES ('Thiago', '2025-01-27 15:03:01.427184', '2025-01-27 15:03:01.427184') RETURNING "id" /*application='Model'*/[0m
  [1m[36mTRANSACTION (1.4ms)[0m  [1m[35mCOMMIT /*application='Model'*/[0m
  [1m[36mStudent Load (0.6ms)[0m  [1m[34mSELECT "students".* FROM "students" ORDER BY "students"."id" ASC LIMIT 1 /*application='Model'*/[0m
  [1m[36mTeacher Load (0.9ms)[0m  [1m[34mSELECT "teachers".* FROM "teachers" ORDER BY "teachers"."id" ASC LIMIT 1 /*application='Model'*/[0m
  [1m[36mTeacher Pluck (0.6ms)[0m  [1m[34mSELECT "teachers"."id" FROM "teachers" INNER JOIN "students_teachers" ON "teachers"."id" = "students_teachers"."teacher_id" WHERE "students_teachers"."student_id" = 1 /*application='Model'*/[0m
  [1m[36mTeacher Load (1.2ms)[0m  [1m[34mSELECT "teachers".* FROM "teachers" INNER JOIN "students_teachers" ON "teachers"."id" = "students_teachers"."teacher_id" WHERE "students_teachers"."student_id" = 1 /* loading for pp */ LIMIT 11 /*application='Model'*/[0m
  [1m[36mTeacher Load (0.8ms)[0m  [1m[34mSELECT "teachers".* FROM "teachers" WHERE "teachers"."id" = 1 /*application='Model'*/[0m
  [1m[36mTeacher Load (1.0ms)[0m  [1m[34mSELECT "teachers".* FROM "teachers" INNER JOIN "students_teachers" ON "teachers"."id" = "students_teachers"."teacher_id" WHERE "students_teachers"."student_id" = 1 /*application='Model'*/[0m
  [1m[36mTRANSACTION (0.3ms)[0m  [1m[35mBEGIN /*application='Model'*/[0m
  [1m[36mStudent::HABTM_Teachers Create (1.0ms)[0m  [1m[32mINSERT INTO "students_teachers" ("student_id", "teacher_id") VALUES (1, 1) RETURNING "id" /*application='Model'*/[0m
  [1m[36mTRANSACTION (5.0ms)[0m  [1m[35mCOMMIT /*application='Model'*/[0m
  [1m[35m (0.2ms)[0m  [1m[34mSELECT pg_try_advisory_lock(7427160944457580725) /*application='Model'*/[0m
  [1m[36mActiveRecord::SchemaMigration Load (0.7ms)[0m  [1m[34mSELECT "schema_migrations"."version" FROM "schema_migrations" ORDER BY "schema_migrations"."version" ASC /*application='Model'*/[0m
  [1m[36mActiveRecord::InternalMetadata Load (0.5ms)[0m  [1m[34mSELECT * FROM "ar_internal_metadata" WHERE "ar_internal_metadata"."key" = 'environment' ORDER BY "ar_internal_metadata"."key" ASC LIMIT 1 /*application='Model'*/[0m
Migrating to CreateUsers (20250127152203)
  [1m[36mTRANSACTION (0.1ms)[0m  [1m[35mBEGIN /*application='Model'*/[0m
  [1m[35m (6.4ms)[0m  [1m[35mCREATE TABLE "users" ("id" bigserial primary key, "name" character varying, "email" character varying, "created_at" timestamp(6) NOT NULL, "updated_at" timestamp(6) NOT NULL) /*application='Model'*/[0m
  [1m[36mActiveRecord::SchemaMigration Create (0.2ms)[0m  [1m[32mINSERT INTO "schema_migrations" ("version") VALUES ('20250127152203') RETURNING "version" /*application='Model'*/[0m
  [1m[36mTRANSACTION (1.0ms)[0m  [1m[35mCOMMIT /*application='Model'*/[0m
Migrating to CreateArticles (20250127152310)
  [1m[36mTRANSACTION (0.1ms)[0m  [1m[35mBEGIN /*application='Model'*/[0m
  [1m[35m (6.7ms)[0m  [1m[35mCREATE TABLE "articles" ("id" bigserial primary key, "title" character varying, "content" character varying, "category" character varying, "user_id" bigint NOT NULL, "created_at" timestamp(6) NOT NULL, "updated_at" timestamp(6) NOT NULL, CONSTRAINT "fk_rails_3d31dad1cc"
FOREIGN KEY ("user_id")
  REFERENCES "users" ("id")
) /*application='Model'*/[0m
  [1m[35m (2.1ms)[0m  [1m[35mCREATE INDEX "index_articles_on_user_id" ON "articles" ("user_id") /*application='Model'*/[0m
  [1m[36mActiveRecord::SchemaMigration Create (0.2ms)[0m  [1m[32mINSERT INTO "schema_migrations" ("version") VALUES ('20250127152310') RETURNING "version" /*application='Model'*/[0m
  [1m[36mTRANSACTION (0.8ms)[0m  [1m[35mCOMMIT /*application='Model'*/[0m
Migrating to CreateComments (20250127171442)
  [1m[36mTRANSACTION (0.2ms)[0m  [1m[35mBEGIN /*application='Model'*/[0m
  [1m[35m (7.7ms)[0m  [1m[35mCREATE TABLE "comments" ("id" bigserial primary key, "content" text, "user_id" bigint NOT NULL, "article_id" bigint NOT NULL, "created_at" timestamp(6) NOT NULL, "updated_at" timestamp(6) NOT NULL, CONSTRAINT "fk_rails_03de2dc08c"
FOREIGN KEY ("user_id")
  REFERENCES "users" ("id")
, CONSTRAINT "fk_rails_3bf61a60d3"
FOREIGN KEY ("article_id")
  REFERENCES "articles" ("id")
) /*application='Model'*/[0m
  [1m[35m (2.9ms)[0m  [1m[35mCREATE INDEX "index_comments_on_user_id" ON "comments" ("user_id") /*application='Model'*/[0m
  [1m[35m (1.8ms)[0m  [1m[35mCREATE INDEX "index_comments_on_article_id" ON "comments" ("article_id") /*application='Model'*/[0m
  [1m[36mActiveRecord::SchemaMigration Create (0.2ms)[0m  [1m[32mINSERT INTO "schema_migrations" ("version") VALUES ('20250127171442') RETURNING "version" /*application='Model'*/[0m
  [1m[36mTRANSACTION (1.0ms)[0m  [1m[35mCOMMIT /*application='Model'*/[0m
  [1m[35m (0.3ms)[0m  [1m[34mSELECT pg_advisory_unlock(7427160944457580725) /*application='Model'*/[0m
  [1m[36mActiveRecord::SchemaMigration Load (0.1ms)[0m  [1m[34mSELECT "schema_migrations"."version" FROM "schema_migrations" ORDER BY "schema_migrations"."version" ASC /*application='Model'*/[0m
  [1m[36mTRANSACTION (0.1ms)[0m  [1m[35mBEGIN /*application='Model'*/[0m
  [1m[36mUser Create (0.8ms)[0m  [1m[32mINSERT INTO "users" ("name", "email", "created_at", "updated_at") VALUES ('User1', 'user1@email.com', '2025-01-27 17:23:04.521362', '2025-01-27 17:23:04.521362') RETURNING "id" /*application='Model'*/[0m
  [1m[36mTRANSACTION (1.6ms)[0m  [1m[35mCOMMIT /*application='Model'*/[0m
  [1m[36mTRANSACTION (0.6ms)[0m  [1m[35mBEGIN /*application='Model'*/[0m
  [1m[36mUser Create (1.5ms)[0m  [1m[32mINSERT INTO "users" ("name", "email", "created_at", "updated_at") VALUES ('User2', 'user2@email.com', '2025-01-27 17:23:21.901824', '2025-01-27 17:23:21.901824') RETURNING "id" /*application='Model'*/[0m
  [1m[36mTRANSACTION (20.3ms)[0m  [1m[35mCOMMIT /*application='Model'*/[0m
  [1m[36mTRANSACTION (0.3ms)[0m  [1m[35mBEGIN /*application='Model'*/[0m
  [1m[36mArticle Create (2.2ms)[0m  [1m[32mINSERT INTO "articles" ("title", "content", "category", "user_id", "created_at", "updated_at") VALUES ('Primeiro Artigo', 'Conteúdo do artigo', 'Esporte', 1, '2025-01-27 17:24:45.594036', '2025-01-27 17:24:45.594036') RETURNING "id" /*application='Model'*/[0m
  [1m[36mTRANSACTION (1.7ms)[0m  [1m[35mCOMMIT /*application='Model'*/[0m
  [1m[36mTRANSACTION (0.2ms)[0m  [1m[35mBEGIN /*application='Model'*/[0m
  [1m[36mComment Create (1.0ms)[0m  [1m[32mINSERT INTO "comments" ("content", "user_id", "article_id", "created_at", "updated_at") VALUES ('Bom artigo', 1, 1, '2025-01-27 17:27:16.219671', '2025-01-27 17:27:16.219671') RETURNING "id" /*application='Model'*/[0m
  [1m[36mTRANSACTION (2.4ms)[0m  [1m[35mCOMMIT /*application='Model'*/[0m
